have_struct_member: checking for rb_method_entry_t.body in method.h... -------------------- no

"gcc -o conftest -I/usr/local/rvm/rubies/ruby-1.9.2-p136/include/ruby-1.9.1/i686-linux -I/usr/local/rvm/rubies/ruby-1.9.2-p136/include/ruby-1.9.1/ruby/backward -I/usr/local/rvm/rubies/ruby-1.9.2-p136/include/ruby-1.9.1 -I.  -D_FILE_OFFSET_BITS=64   -O3 -ggdb -Wextra -Wno-unused-parameter -Wno-parentheses -Wpointer-arith -Wwrite-strings -Wno-missing-field-initializers -Wno-long-long  -fPIC conftest.c  -L. -L/usr/local/rvm/rubies/ruby-1.9.2-p136/lib -Wl,-R/usr/local/rvm/rubies/ruby-1.9.2-p136/lib -L.  -rdynamic -Wl,-export-dynamic     -Wl,-R -Wl,/usr/local/rvm/rubies/ruby-1.9.2-p136/lib -L/usr/local/rvm/rubies/ruby-1.9.2-p136/lib -lruby-static  -lpthread -lrt -ldl -lcrypt -lm   -lc"
checked program was:
/* begin */
1: #include "ruby.h"
2: 
3: int main() {return 0;}
/* end */

"gcc -I/usr/local/rvm/rubies/ruby-1.9.2-p136/include/ruby-1.9.1/i686-linux -I/usr/local/rvm/rubies/ruby-1.9.2-p136/include/ruby-1.9.1/ruby/backward -I/usr/local/rvm/rubies/ruby-1.9.2-p136/include/ruby-1.9.1 -I.  -D_FILE_OFFSET_BITS=64   -O3 -ggdb -Wextra -Wno-unused-parameter -Wno-parentheses -Wpointer-arith -Wwrite-strings -Wno-missing-field-initializers -Wno-long-long  -fPIC   -c conftest.c"
conftest.c:3:20: error: method.h: No such file or directory
conftest.c:7: error: ‘rb_method_entry_t’ undeclared here (not in a function)
conftest.c:7: error: expected expression before ‘)’ token
checked program was:
/* begin */
1: #include "ruby.h"
2: 
3: #include <method.h>
4: 
5: /*top*/
6: int main() {return 0;}
7: int s = (char *)&((rb_method_entry_t*)0)->body - (char *)0;
/* end */

--------------------

have_header: checking for vm_core.h... -------------------- no

"gcc -E -I/usr/local/rvm/rubies/ruby-1.9.2-p136/include/ruby-1.9.1/i686-linux -I/usr/local/rvm/rubies/ruby-1.9.2-p136/include/ruby-1.9.1/ruby/backward -I/usr/local/rvm/rubies/ruby-1.9.2-p136/include/ruby-1.9.1 -I.  -D_FILE_OFFSET_BITS=64   -O3 -ggdb -Wextra -Wno-unused-parameter -Wno-parentheses -Wpointer-arith -Wwrite-strings -Wno-missing-field-initializers -Wno-long-long  -fPIC  conftest.c -o conftest.i"
conftest.c:3:21: error: vm_core.h: No such file or directory
checked program was:
/* begin */
1: #include "ruby.h"
2: 
3: #include <vm_core.h>
/* end */

--------------------

have_struct_member: checking for rb_method_entry_t.body in method.h... -------------------- no

"gcc -I/usr/local/rvm/rubies/ruby-1.9.2-p136/include/ruby-1.9.1/i686-linux -I/usr/local/rvm/rubies/ruby-1.9.2-p136/include/ruby-1.9.1/ruby/backward -I/usr/local/rvm/rubies/ruby-1.9.2-p136/include/ruby-1.9.1 -I. -I/usr/local/rvm/rubies/ruby-1.9.2-p136/include/ruby-1.9.1/ruby-1.9.2-p136  -O3 -ggdb -Wextra -Wno-unused-parameter -Wno-parentheses -Wpointer-arith -Wwrite-strings -Wno-missing-field-initializers -Wno-long-long  -fPIC   -c conftest.c"
conftest.c:7: error: ‘rb_method_entry_t’ has no member named ‘body’
checked program was:
/* begin */
1: #include "ruby.h"
2: 
3: #include <method.h>
4: 
5: /*top*/
6: int main() {return 0;}
7: int s = (char *)&((rb_method_entry_t*)0)->body - (char *)0;
/* end */

--------------------

have_header: checking for vm_core.h... -------------------- yes

"gcc -E -I/usr/local/rvm/rubies/ruby-1.9.2-p136/include/ruby-1.9.1/i686-linux -I/usr/local/rvm/rubies/ruby-1.9.2-p136/include/ruby-1.9.1/ruby/backward -I/usr/local/rvm/rubies/ruby-1.9.2-p136/include/ruby-1.9.1 -I. -I/usr/local/rvm/rubies/ruby-1.9.2-p136/include/ruby-1.9.1/ruby-1.9.2-p136  -O3 -ggdb -Wextra -Wno-unused-parameter -Wno-parentheses -Wpointer-arith -Wwrite-strings -Wno-missing-field-initializers -Wno-long-long  -fPIC  conftest.c -o conftest.i"
checked program was:
/* begin */
1: #include "ruby.h"
2: 
3: #include <vm_core.h>
/* end */

--------------------

have_header: checking for iseq.h... -------------------- yes

"gcc -E -I/usr/local/rvm/rubies/ruby-1.9.2-p136/include/ruby-1.9.1/i686-linux -I/usr/local/rvm/rubies/ruby-1.9.2-p136/include/ruby-1.9.1/ruby/backward -I/usr/local/rvm/rubies/ruby-1.9.2-p136/include/ruby-1.9.1 -I. -I/usr/local/rvm/rubies/ruby-1.9.2-p136/include/ruby-1.9.1/ruby-1.9.2-p136  -O3 -ggdb -Wextra -Wno-unused-parameter -Wno-parentheses -Wpointer-arith -Wwrite-strings -Wno-missing-field-initializers -Wno-long-long  -fPIC  conftest.c -o conftest.i"
checked program was:
/* begin */
1: #include "ruby.h"
2: 
3: #include <iseq.h>
/* end */

--------------------

have_header: checking for insns.inc... -------------------- yes

"gcc -E -I/usr/local/rvm/rubies/ruby-1.9.2-p136/include/ruby-1.9.1/i686-linux -I/usr/local/rvm/rubies/ruby-1.9.2-p136/include/ruby-1.9.1/ruby/backward -I/usr/local/rvm/rubies/ruby-1.9.2-p136/include/ruby-1.9.1 -I. -I/usr/local/rvm/rubies/ruby-1.9.2-p136/include/ruby-1.9.1/ruby-1.9.2-p136  -O3 -ggdb -Wextra -Wno-unused-parameter -Wno-parentheses -Wpointer-arith -Wwrite-strings -Wno-missing-field-initializers -Wno-long-long  -fPIC  conftest.c -o conftest.i"
checked program was:
/* begin */
1: #include "ruby.h"
2: 
3: #include <insns.inc>
/* end */

--------------------

have_header: checking for insns_info.inc... -------------------- yes

"gcc -E -I/usr/local/rvm/rubies/ruby-1.9.2-p136/include/ruby-1.9.1/i686-linux -I/usr/local/rvm/rubies/ruby-1.9.2-p136/include/ruby-1.9.1/ruby/backward -I/usr/local/rvm/rubies/ruby-1.9.2-p136/include/ruby-1.9.1 -I. -I/usr/local/rvm/rubies/ruby-1.9.2-p136/include/ruby-1.9.1/ruby-1.9.2-p136  -O3 -ggdb -Wextra -Wno-unused-parameter -Wno-parentheses -Wpointer-arith -Wwrite-strings -Wno-missing-field-initializers -Wno-long-long  -fPIC  conftest.c -o conftest.i"
checked program was:
/* begin */
1: #include "ruby.h"
2: 
3: #include <insns_info.inc>
/* end */

--------------------

have_header: checking for eval_intern.h... -------------------- yes

"gcc -E -I/usr/local/rvm/rubies/ruby-1.9.2-p136/include/ruby-1.9.1/i686-linux -I/usr/local/rvm/rubies/ruby-1.9.2-p136/include/ruby-1.9.1/ruby/backward -I/usr/local/rvm/rubies/ruby-1.9.2-p136/include/ruby-1.9.1 -I. -I/usr/local/rvm/rubies/ruby-1.9.2-p136/include/ruby-1.9.1/ruby-1.9.2-p136  -O3 -ggdb -Wextra -Wno-unused-parameter -Wno-parentheses -Wpointer-arith -Wwrite-strings -Wno-missing-field-initializers -Wno-long-long  -fPIC  conftest.c -o conftest.i"
checked program was:
/* begin */
1: #include "ruby.h"
2: 
3: #include <eval_intern.h>
/* end */

--------------------

