have_header: checking for vm_core.h... -------------------- no

"gcc -o conftest -I/usr/local/rvm/rubies/ruby-1.9.2-p136/include/ruby-1.9.1/i686-linux -I/usr/local/rvm/rubies/ruby-1.9.2-p136/include/ruby-1.9.1/ruby/backward -I/usr/local/rvm/rubies/ruby-1.9.2-p136/include/ruby-1.9.1 -I.  -D_FILE_OFFSET_BITS=64   -O3 -ggdb -Wextra -Wno-unused-parameter -Wno-parentheses -Wpointer-arith -Wwrite-strings -Wno-missing-field-initializers -Wno-long-long  -fPIC conftest.c  -L. -L/usr/local/rvm/rubies/ruby-1.9.2-p136/lib -Wl,-R/usr/local/rvm/rubies/ruby-1.9.2-p136/lib -L.  -rdynamic -Wl,-export-dynamic     -Wl,-R -Wl,/usr/local/rvm/rubies/ruby-1.9.2-p136/lib -L/usr/local/rvm/rubies/ruby-1.9.2-p136/lib -lruby-static  -lpthread -lrt -ldl -lcrypt -lm   -lc"
checked program was:
/* begin */
1: #include "ruby.h"
2: 
3: int main() {return 0;}
/* end */

"gcc -E -I/usr/local/rvm/rubies/ruby-1.9.2-p136/include/ruby-1.9.1/i686-linux -I/usr/local/rvm/rubies/ruby-1.9.2-p136/include/ruby-1.9.1/ruby/backward -I/usr/local/rvm/rubies/ruby-1.9.2-p136/include/ruby-1.9.1 -I.  -D_FILE_OFFSET_BITS=64   -O3 -ggdb -Wextra -Wno-unused-parameter -Wno-parentheses -Wpointer-arith -Wwrite-strings -Wno-missing-field-initializers -Wno-long-long  -fPIC  conftest.c -o conftest.i"
conftest.c:3:21: error: vm_core.h: No such file or directory
checked program was:
/* begin */
1: #include "ruby.h"
2: 
3: #include <vm_core.h>
/* end */

--------------------

have_header: checking for vm_core.h... -------------------- no

"gcc -E -I/usr/local/rvm/rubies/ruby-1.9.2-p136/include/ruby-1.9.1/i686-linux -I/usr/local/rvm/rubies/ruby-1.9.2-p136/include/ruby-1.9.1/ruby/backward -I/usr/local/rvm/rubies/ruby-1.9.2-p136/include/ruby-1.9.1 -I. -I/usr/local/rvm/rubies/ruby-1.9.2-p136/include/ruby-1.9.1/ruby-1.9.2-p136  -O3 -ggdb -Wextra -Wno-unused-parameter -Wno-parentheses -Wpointer-arith -Wwrite-strings -Wno-missing-field-initializers -Wno-long-long  -fPIC  conftest.c -o conftest.i"
conftest.c:3:21: error: vm_core.h: No such file or directory
checked program was:
/* begin */
1: #include "ruby.h"
2: 
3: #include <vm_core.h>
/* end */

--------------------

have_header: checking for vm_core.h... -------------------- yes

"gcc -E -I/usr/local/rvm/rubies/ruby-1.9.2-p136/include/ruby-1.9.1/i686-linux -I/usr/local/rvm/rubies/ruby-1.9.2-p136/include/ruby-1.9.1/ruby/backward -I/usr/local/rvm/rubies/ruby-1.9.2-p136/include/ruby-1.9.1 -I. -I/usr/local/rvm/rubies/ruby-1.9.2-p136/include/ruby-1.9.1/ruby-1.9.2-p136  -O3 -ggdb -Wextra -Wno-unused-parameter -Wno-parentheses -Wpointer-arith -Wwrite-strings -Wno-missing-field-initializers -Wno-long-long  -fPIC  conftest.c -o conftest.i"
checked program was:
/* begin */
1: #include "ruby.h"
2: 
3: #include <vm_core.h>
/* end */

--------------------

have_header: checking for version.h... -------------------- yes

"gcc -E -I/usr/local/rvm/rubies/ruby-1.9.2-p136/include/ruby-1.9.1/i686-linux -I/usr/local/rvm/rubies/ruby-1.9.2-p136/include/ruby-1.9.1/ruby/backward -I/usr/local/rvm/rubies/ruby-1.9.2-p136/include/ruby-1.9.1 -I. -I/usr/local/rvm/rubies/ruby-1.9.2-p136/include/ruby-1.9.1/ruby-1.9.2-p136  -O3 -ggdb -Wextra -Wno-unused-parameter -Wno-parentheses -Wpointer-arith -Wwrite-strings -Wno-missing-field-initializers -Wno-long-long  -fPIC  conftest.c -o conftest.i"
checked program was:
/* begin */
1: #include "ruby.h"
2: 
3: #include <version.h>
/* end */

--------------------

have_macro: checking for RUBY_VERSION_MAJOR in version.h... -------------------- yes

"gcc -I/usr/local/rvm/rubies/ruby-1.9.2-p136/include/ruby-1.9.1/i686-linux -I/usr/local/rvm/rubies/ruby-1.9.2-p136/include/ruby-1.9.1/ruby/backward -I/usr/local/rvm/rubies/ruby-1.9.2-p136/include/ruby-1.9.1 -I. -I/usr/local/rvm/rubies/ruby-1.9.2-p136/include/ruby-1.9.1/ruby-1.9.2-p136  -O3 -ggdb -Wextra -Wno-unused-parameter -Wno-parentheses -Wpointer-arith -Wwrite-strings -Wno-missing-field-initializers -Wno-long-long  -fPIC   -c conftest.c"
checked program was:
/* begin */
1: #include "ruby.h"
2: 
3: #include <version.h>
4: /*top*/
5: #ifndef RUBY_VERSION_MAJOR
6: # error
7: >>>>>> RUBY_VERSION_MAJOR undefined <<<<<<
8: #endif
/* end */

--------------------

